<?xml version="1.0" encoding="UTF-8"?>
<!-- Generated by org.testng.reporters.JUnitReportReporter -->
<testsuite skipped="0" hostname="DESKTOP-DIKF5R3" name="testpkg.GoToNextVideo" tests="1" failures="0" timestamp="2023-03-07T16:05:23 IST" time="52.377" errors="0">
  <testcase name="verifyVideoPalaying" time="52.377" classname="testpkg.GoToNextVideo"/>
  <system-out/>
</testsuite> <!-- testpkg.GoToNextVideo -->
